<?xml version="1.0" encoding="UTF-8"?>
<testng-results skipped="0" failed="0" total="1" passed="1">
  <reporter-output>
  </reporter-output>
  <suite name="Default suite" duration-ms="2955" started-at="2018-10-28T14:42:23Z" finished-at="2018-10-28T14:42:26Z">
    <groups>
    </groups>
    <test name="Default test" duration-ms="2955" started-at="2018-10-28T14:42:23Z" finished-at="2018-10-28T14:42:26Z">
      <class name="com.qa.test.LoginPageTest">
        <test-method status="PASS" signature="LoginTest()[pri:0, instance:com.qa.test.LoginPageTest@383bfa16]" name="LoginTest" duration-ms="1793" started-at="2018-10-28T20:12:23Z" finished-at="2018-10-28T20:12:25Z">
          <reporter-output>
          </reporter-output>
        </test-method> <!-- LoginTest -->
      </class> <!-- com.qa.test.LoginPageTest -->
    </test> <!-- Default test -->
  </suite> <!-- Default suite -->
</testng-results>
